<?xml version="1.0" encoding="UTF-8"?>
<testsuite name="TodoList.TodoListTest" tests="6" skipped="0" failures="0" errors="0" timestamp="2021-03-19T17:53:14" hostname="SDA-28-mbpro" time="0.046">
  <properties/>
  <testcase name="AddTask should add a task to the todo list" classname="TodoList.TodoListTest" time="0.019"/>
  <testcase name="ShowTaskByDate should show the task by date in order by due date" classname="TodoList.TodoListTest" time="0.002"/>
  <testcase name="Show task by project should show the task in order by project" classname="TodoList.TodoListTest" time="0.001"/>
  <testcase name="Mark as done should mark the task as done and change the value false to true" classname="TodoList.TodoListTest" time="0.018"/>
  <testcase name="ConvertToDate should convert the date to String" classname="TodoList.TodoListTest" time="0.002"/>
  <testcase name="Remove task should remove the task" classname="TodoList.TodoListTest" time="0.001"/>
  <system-out><![CDATA[Marking Task{title='title', dueDate=2020-01-01, user='user', project='project', isDone=Done} as completed
]]></system-out>
  <system-err><![CDATA[]]></system-err>
</testsuite>
