<?xml version="1.0" encoding="UTF-8"?>
<testsuite name="TodoList.TaskTest" tests="7" skipped="0" failures="0" errors="0" timestamp="2021-03-19T16:53:35" hostname="SDA-28-mbpro" time="0.013">
  <properties/>
  <testcase name="get due date should work" classname="TodoList.TaskTest" time="0.001"/>
  <testcase name="set project name should work" classname="TodoList.TaskTest" time="0.0"/>
  <testcase name="set due date should work" classname="TodoList.TaskTest" time="0.001"/>
  <testcase name="get project name should work" classname="TodoList.TaskTest" time="0.003"/>
  <testcase name="get if the task is done should work" classname="TodoList.TaskTest" time="0.001"/>
  <testcase name="set title should work" classname="TodoList.TaskTest" time="0.001"/>
  <testcase name="set the user should work" classname="TodoList.TaskTest" time="0.001"/>
  <system-out><![CDATA[]]></system-out>
  <system-err><![CDATA[]]></system-err>
</testsuite>
